  rsa1.cpp
c:\users\inluckie\source\repos\rsa1\rsa1\rsa1.cpp(65): warning C4566: character represented by universal-character-name '\u0412' cannot be represented in the current code page (1252)
c:\users\inluckie\source\repos\rsa1\rsa1\rsa1.cpp(65): warning C4566: character represented by universal-character-name '\u0432' cannot be represented in the current code page (1252)
c:\users\inluckie\source\repos\rsa1\rsa1\rsa1.cpp(65): warning C4566: character represented by universal-character-name '\u0435' cannot be represented in the current code page (1252)
c:\users\inluckie\source\repos\rsa1\rsa1\rsa1.cpp(65): warning C4566: character represented by universal-character-name '\u0434' cannot be represented in the current code page (1252)
c:\users\inluckie\source\repos\rsa1\rsa1\rsa1.cpp(65): warning C4566: character represented by universal-character-name '\u0438' cannot be represented in the current code page (1252)
c:\users\inluckie\source\repos\rsa1\rsa1\rsa1.cpp(65): warning C4566: character represented by universal-character-name '\u0442' cannot be represented in the current code page (1252)
c:\users\inluckie\source\repos\rsa1\rsa1\rsa1.cpp(65): warning C4566: character represented by universal-character-name '\u0437' cannot be represented in the current code page (1252)
c:\users\inluckie\source\repos\rsa1\rsa1\rsa1.cpp(65): warning C4566: character represented by universal-character-name '\u043D' cannot be represented in the current code page (1252)
c:\users\inluckie\source\repos\rsa1\rsa1\rsa1.cpp(65): warning C4566: character represented by universal-character-name '\u0430' cannot be represented in the current code page (1252)
c:\users\inluckie\source\repos\rsa1\rsa1\rsa1.cpp(65): warning C4566: character represented by universal-character-name '\u0447' cannot be represented in the current code page (1252)
c:\users\inluckie\source\repos\rsa1\rsa1\rsa1.cpp(65): warning C4566: character represented by universal-character-name '\u044F' cannot be represented in the current code page (1252)
c:\users\inluckie\source\repos\rsa1\rsa1\rsa1.cpp(65): warning C4566: character represented by universal-character-name '\u043E' cannot be represented in the current code page (1252)
c:\users\inluckie\source\repos\rsa1\rsa1\rsa1.cpp(65): warning C4566: character represented by universal-character-name '\u043B' cannot be represented in the current code page (1252)
c:\users\inluckie\source\repos\rsa1\rsa1\rsa1.cpp(65): warning C4566: character represented by universal-character-name '\u0436' cannot be represented in the current code page (1252)
c:\users\inluckie\source\repos\rsa1\rsa1\rsa1.cpp(65): warning C4566: character represented by universal-character-name '\u044B' cannot be represented in the current code page (1252)
c:\users\inluckie\source\repos\rsa1\rsa1\rsa1.cpp(65): warning C4566: character represented by universal-character-name '\u0431' cannot be represented in the current code page (1252)
c:\users\inluckie\source\repos\rsa1\rsa1\rsa1.cpp(65): warning C4566: character represented by universal-character-name '\u044C' cannot be represented in the current code page (1252)
c:\users\inluckie\source\repos\rsa1\rsa1\rsa1.cpp(65): warning C4566: character represented by universal-character-name '\u043F' cannot be represented in the current code page (1252)
c:\users\inluckie\source\repos\rsa1\rsa1\rsa1.cpp(65): warning C4566: character represented by universal-character-name '\u0440' cannot be represented in the current code page (1252)
c:\users\inluckie\source\repos\rsa1\rsa1\rsa1.cpp(65): warning C4566: character represented by universal-character-name '\u0441' cannot be represented in the current code page (1252)
c:\users\inluckie\source\repos\rsa1\rsa1\rsa1.cpp(65): warning C4566: character represented by universal-character-name '\u043C' cannot be represented in the current code page (1252)
c:\users\inluckie\source\repos\rsa1\rsa1\rsa1.cpp(78): warning C4566: character represented by universal-character-name '\u041E' cannot be represented in the current code page (1252)
c:\users\inluckie\source\repos\rsa1\rsa1\rsa1.cpp(78): warning C4566: character represented by universal-character-name '\u0442' cannot be represented in the current code page (1252)
c:\users\inluckie\source\repos\rsa1\rsa1\rsa1.cpp(78): warning C4566: character represented by universal-character-name '\u043A' cannot be represented in the current code page (1252)
c:\users\inluckie\source\repos\rsa1\rsa1\rsa1.cpp(78): warning C4566: character represented by universal-character-name '\u0440' cannot be represented in the current code page (1252)
c:\users\inluckie\source\repos\rsa1\rsa1\rsa1.cpp(78): warning C4566: character represented by universal-character-name '\u044B' cannot be represented in the current code page (1252)
c:\users\inluckie\source\repos\rsa1\rsa1\rsa1.cpp(78): warning C4566: character represented by universal-character-name '\u0439' cannot be represented in the current code page (1252)
c:\users\inluckie\source\repos\rsa1\rsa1\rsa1.cpp(78): warning C4566: character represented by universal-character-name '\u043B' cannot be represented in the current code page (1252)
c:\users\inluckie\source\repos\rsa1\rsa1\rsa1.cpp(78): warning C4566: character represented by universal-character-name '\u044E' cannot be represented in the current code page (1252)
c:\users\inluckie\source\repos\rsa1\rsa1\rsa1.cpp(78): warning C4566: character represented by universal-character-name '\u0447' cannot be represented in the current code page (1252)
c:\users\inluckie\source\repos\rsa1\rsa1\rsa1.cpp(80): warning C4566: character represented by universal-character-name '\u0412' cannot be represented in the current code page (1252)
c:\users\inluckie\source\repos\rsa1\rsa1\rsa1.cpp(80): warning C4566: character represented by universal-character-name '\u0432' cannot be represented in the current code page (1252)
c:\users\inluckie\source\repos\rsa1\rsa1\rsa1.cpp(80): warning C4566: character represented by universal-character-name '\u0435' cannot be represented in the current code page (1252)
c:\users\inluckie\source\repos\rsa1\rsa1\rsa1.cpp(80): warning C4566: character represented by universal-character-name '\u0434' cannot be represented in the current code page (1252)
c:\users\inluckie\source\repos\rsa1\rsa1\rsa1.cpp(80): warning C4566: character represented by universal-character-name '\u0438' cannot be represented in the current code page (1252)
c:\users\inluckie\source\repos\rsa1\rsa1\rsa1.cpp(80): warning C4566: character represented by universal-character-name '\u0442' cannot be represented in the current code page (1252)
c:\users\inluckie\source\repos\rsa1\rsa1\rsa1.cpp(80): warning C4566: character represented by universal-character-name '\u0441' cannot be represented in the current code page (1252)
c:\users\inluckie\source\repos\rsa1\rsa1\rsa1.cpp(80): warning C4566: character represented by universal-character-name '\u043E' cannot be represented in the current code page (1252)
c:\users\inluckie\source\repos\rsa1\rsa1\rsa1.cpp(80): warning C4566: character represented by universal-character-name '\u0431' cannot be represented in the current code page (1252)
c:\users\inluckie\source\repos\rsa1\rsa1\rsa1.cpp(80): warning C4566: character represented by universal-character-name '\u0449' cannot be represented in the current code page (1252)
c:\users\inluckie\source\repos\rsa1\rsa1\rsa1.cpp(80): warning C4566: character represented by universal-character-name '\u043D' cannot be represented in the current code page (1252)
c:\users\inluckie\source\repos\rsa1\rsa1\rsa1.cpp(80): warning C4566: character represented by universal-character-name '\u043B' cannot be represented in the current code page (1252)
c:\users\inluckie\source\repos\rsa1\rsa1\rsa1.cpp(80): warning C4566: character represented by universal-character-name '\u044F' cannot be represented in the current code page (1252)
c:\users\inluckie\source\repos\rsa1\rsa1\rsa1.cpp(80): warning C4566: character represented by universal-character-name '\u0448' cannot be represented in the current code page (1252)
c:\users\inluckie\source\repos\rsa1\rsa1\rsa1.cpp(80): warning C4566: character represented by universal-character-name '\u0444' cannot be represented in the current code page (1252)
c:\users\inluckie\source\repos\rsa1\rsa1\rsa1.cpp(80): warning C4566: character represented by universal-character-name '\u0440' cannot be represented in the current code page (1252)
c:\users\inluckie\source\repos\rsa1\rsa1\rsa1.cpp(80): warning C4566: character represented by universal-character-name '\u0430' cannot be represented in the current code page (1252)
c:\users\inluckie\source\repos\rsa1\rsa1\rsa1.cpp(81): warning C4477: 'scanf' : format string '%d' requires an argument of type 'int *', but variadic argument 1 has type 'char *'
  c:\users\inluckie\source\repos\rsa1\rsa1\rsa1.cpp(81): note: consider using '%hhd' in the format string
c:\users\inluckie\source\repos\rsa1\rsa1\rsa1.cpp(84): warning C4566: character represented by universal-character-name '\u0417' cannot be represented in the current code page (1252)
c:\users\inluckie\source\repos\rsa1\rsa1\rsa1.cpp(84): warning C4566: character represented by universal-character-name '\u0430' cannot be represented in the current code page (1252)
c:\users\inluckie\source\repos\rsa1\rsa1\rsa1.cpp(84): warning C4566: character represented by universal-character-name '\u0448' cannot be represented in the current code page (1252)
c:\users\inluckie\source\repos\rsa1\rsa1\rsa1.cpp(84): warning C4566: character represented by universal-character-name '\u0438' cannot be represented in the current code page (1252)
c:\users\inluckie\source\repos\rsa1\rsa1\rsa1.cpp(84): warning C4566: character represented by universal-character-name '\u0444' cannot be represented in the current code page (1252)
c:\users\inluckie\source\repos\rsa1\rsa1\rsa1.cpp(84): warning C4566: character represented by universal-character-name '\u0440' cannot be represented in the current code page (1252)
c:\users\inluckie\source\repos\rsa1\rsa1\rsa1.cpp(84): warning C4566: character represented by universal-character-name '\u043E' cannot be represented in the current code page (1252)
c:\users\inluckie\source\repos\rsa1\rsa1\rsa1.cpp(84): warning C4566: character represented by universal-character-name '\u0432' cannot be represented in the current code page (1252)
c:\users\inluckie\source\repos\rsa1\rsa1\rsa1.cpp(84): warning C4566: character represented by universal-character-name '\u043D' cannot be represented in the current code page (1252)
c:\users\inluckie\source\repos\rsa1\rsa1\rsa1.cpp(84): warning C4566: character represented by universal-character-name '\u0435' cannot be represented in the current code page (1252)
c:\users\inluckie\source\repos\rsa1\rsa1\rsa1.cpp(84): warning C4566: character represented by universal-character-name '\u0442' cannot be represented in the current code page (1252)
c:\users\inluckie\source\repos\rsa1\rsa1\rsa1.cpp(84): warning C4566: character represented by universal-character-name '\u043A' cannot be represented in the current code page (1252)
c:\users\inluckie\source\repos\rsa1\rsa1\rsa1.cpp(84): warning C4566: character represented by universal-character-name '\u044B' cannot be represented in the current code page (1252)
c:\users\inluckie\source\repos\rsa1\rsa1\rsa1.cpp(84): warning C4566: character represented by universal-character-name '\u043C' cannot be represented in the current code page (1252)
c:\users\inluckie\source\repos\rsa1\rsa1\rsa1.cpp(84): warning C4566: character represented by universal-character-name '\u043B' cannot be represented in the current code page (1252)
c:\users\inluckie\source\repos\rsa1\rsa1\rsa1.cpp(84): warning C4566: character represented by universal-character-name '\u044E' cannot be represented in the current code page (1252)
c:\users\inluckie\source\repos\rsa1\rsa1\rsa1.cpp(84): warning C4566: character represented by universal-character-name '\u0447' cannot be represented in the current code page (1252)
c:\users\inluckie\source\repos\rsa1\rsa1\rsa1.cpp(84): warning C4566: character represented by universal-character-name '\u0441' cannot be represented in the current code page (1252)
c:\users\inluckie\source\repos\rsa1\rsa1\rsa1.cpp(84): warning C4566: character represented by universal-character-name '\u0431' cannot be represented in the current code page (1252)
c:\users\inluckie\source\repos\rsa1\rsa1\rsa1.cpp(84): warning C4566: character represented by universal-character-name '\u0449' cannot be represented in the current code page (1252)
c:\users\inluckie\source\repos\rsa1\rsa1\rsa1.cpp(85): warning C4566: character represented by universal-character-name '\u0417' cannot be represented in the current code page (1252)
c:\users\inluckie\source\repos\rsa1\rsa1\rsa1.cpp(85): warning C4566: character represented by universal-character-name '\u0430' cannot be represented in the current code page (1252)
c:\users\inluckie\source\repos\rsa1\rsa1\rsa1.cpp(85): warning C4566: character represented by universal-character-name '\u043A' cannot be represented in the current code page (1252)
c:\users\inluckie\source\repos\rsa1\rsa1\rsa1.cpp(85): warning C4566: character represented by universal-character-name '\u0440' cannot be represented in the current code page (1252)
c:\users\inluckie\source\repos\rsa1\rsa1\rsa1.cpp(85): warning C4566: character represented by universal-character-name '\u044B' cannot be represented in the current code page (1252)
c:\users\inluckie\source\repos\rsa1\rsa1\rsa1.cpp(85): warning C4566: character represented by universal-character-name '\u0442' cannot be represented in the current code page (1252)
c:\users\inluckie\source\repos\rsa1\rsa1\rsa1.cpp(85): warning C4566: character represented by universal-character-name '\u0439' cannot be represented in the current code page (1252)
c:\users\inluckie\source\repos\rsa1\rsa1\rsa1.cpp(85): warning C4566: character represented by universal-character-name '\u043B' cannot be represented in the current code page (1252)
c:\users\inluckie\source\repos\rsa1\rsa1\rsa1.cpp(85): warning C4566: character represented by universal-character-name '\u044E' cannot be represented in the current code page (1252)
c:\users\inluckie\source\repos\rsa1\rsa1\rsa1.cpp(85): warning C4566: character represented by universal-character-name '\u0447' cannot be represented in the current code page (1252)
c:\users\inluckie\source\repos\rsa1\rsa1\rsa1.cpp(87): warning C4566: character represented by universal-character-name '\u0420' cannot be represented in the current code page (1252)
c:\users\inluckie\source\repos\rsa1\rsa1\rsa1.cpp(87): warning C4566: character represented by universal-character-name '\u0430' cannot be represented in the current code page (1252)
c:\users\inluckie\source\repos\rsa1\rsa1\rsa1.cpp(87): warning C4566: character represented by universal-character-name '\u0441' cannot be represented in the current code page (1252)
c:\users\inluckie\source\repos\rsa1\rsa1\rsa1.cpp(87): warning C4566: character represented by universal-character-name '\u0448' cannot be represented in the current code page (1252)
c:\users\inluckie\source\repos\rsa1\rsa1\rsa1.cpp(87): warning C4566: character represented by universal-character-name '\u0438' cannot be represented in the current code page (1252)
c:\users\inluckie\source\repos\rsa1\rsa1\rsa1.cpp(87): warning C4566: character represented by universal-character-name '\u0444' cannot be represented in the current code page (1252)
c:\users\inluckie\source\repos\rsa1\rsa1\rsa1.cpp(87): warning C4566: character represented by universal-character-name '\u0440' cannot be represented in the current code page (1252)
c:\users\inluckie\source\repos\rsa1\rsa1\rsa1.cpp(87): warning C4566: character represented by universal-character-name '\u043E' cannot be represented in the current code page (1252)
c:\users\inluckie\source\repos\rsa1\rsa1\rsa1.cpp(87): warning C4566: character represented by universal-character-name '\u0432' cannot be represented in the current code page (1252)
c:\users\inluckie\source\repos\rsa1\rsa1\rsa1.cpp(87): warning C4566: character represented by universal-character-name '\u043D' cannot be represented in the current code page (1252)
c:\users\inluckie\source\repos\rsa1\rsa1\rsa1.cpp(87): warning C4566: character represented by universal-character-name '\u0435' cannot be represented in the current code page (1252)
c:\users\inluckie\source\repos\rsa1\rsa1\rsa1.cpp(87): warning C4566: character represented by universal-character-name '\u0437' cannot be represented in the current code page (1252)
c:\users\inluckie\source\repos\rsa1\rsa1\rsa1.cpp(87): warning C4566: character represented by universal-character-name '\u043A' cannot be represented in the current code page (1252)
c:\users\inluckie\source\repos\rsa1\rsa1\rsa1.cpp(87): warning C4566: character represented by universal-character-name '\u044B' cannot be represented in the current code page (1252)
c:\users\inluckie\source\repos\rsa1\rsa1\rsa1.cpp(87): warning C4566: character represented by universal-character-name '\u0442' cannot be represented in the current code page (1252)
c:\users\inluckie\source\repos\rsa1\rsa1\rsa1.cpp(87): warning C4566: character represented by universal-character-name '\u043C' cannot be represented in the current code page (1252)
c:\users\inluckie\source\repos\rsa1\rsa1\rsa1.cpp(87): warning C4566: character represented by universal-character-name '\u043B' cannot be represented in the current code page (1252)
c:\users\inluckie\source\repos\rsa1\rsa1\rsa1.cpp(87): warning C4566: character represented by universal-character-name '\u044E' cannot be represented in the current code page (1252)
c:\users\inluckie\source\repos\rsa1\rsa1\rsa1.cpp(87): warning C4566: character represented by universal-character-name '\u0447' cannot be represented in the current code page (1252)
c:\users\inluckie\source\repos\rsa1\rsa1\rsa1.cpp(87): warning C4566: character represented by universal-character-name '\u0431' cannot be represented in the current code page (1252)
c:\users\inluckie\source\repos\rsa1\rsa1\rsa1.cpp(87): warning C4566: character represented by universal-character-name '\u0449' cannot be represented in the current code page (1252)
c:\users\inluckie\source\repos\rsa1\rsa1\rsa1.cpp(90): warning C4566: character represented by universal-character-name '\u0427' cannot be represented in the current code page (1252)
c:\users\inluckie\source\repos\rsa1\rsa1\rsa1.cpp(90): warning C4566: character represented by universal-character-name '\u0438' cannot be represented in the current code page (1252)
c:\users\inluckie\source\repos\rsa1\rsa1\rsa1.cpp(90): warning C4566: character represented by universal-character-name '\u0441' cannot be represented in the current code page (1252)
c:\users\inluckie\source\repos\rsa1\rsa1\rsa1.cpp(90): warning C4566: character represented by universal-character-name '\u043B' cannot be represented in the current code page (1252)
c:\users\inluckie\source\repos\rsa1\rsa1\rsa1.cpp(90): warning C4566: character represented by universal-character-name '\u0430' cannot be represented in the current code page (1252)
c:\users\inluckie\source\repos\rsa1\rsa1\rsa1.cpp(90): warning C4566: character represented by universal-character-name '\u043D' cannot be represented in the current code page (1252)
c:\users\inluckie\source\repos\rsa1\rsa1\rsa1.cpp(90): warning C4566: character represented by universal-character-name '\u0435' cannot be represented in the current code page (1252)
c:\users\inluckie\source\repos\rsa1\rsa1\rsa1.cpp(90): warning C4566: character represented by universal-character-name '\u044F' cannot be represented in the current code page (1252)
c:\users\inluckie\source\repos\rsa1\rsa1\rsa1.cpp(90): warning C4566: character represented by universal-character-name '\u0432' cannot be represented in the current code page (1252)
c:\users\inluckie\source\repos\rsa1\rsa1\rsa1.cpp(90): warning C4566: character represented by universal-character-name '\u044E' cannot be represented in the current code page (1252)
c:\users\inluckie\source\repos\rsa1\rsa1\rsa1.cpp(90): warning C4566: character represented by universal-character-name '\u0442' cannot be represented in the current code page (1252)
c:\users\inluckie\source\repos\rsa1\rsa1\rsa1.cpp(90): warning C4566: character represented by universal-character-name '\u043F' cannot be represented in the current code page (1252)
c:\users\inluckie\source\repos\rsa1\rsa1\rsa1.cpp(90): warning C4566: character represented by universal-character-name '\u0440' cannot be represented in the current code page (1252)
c:\users\inluckie\source\repos\rsa1\rsa1\rsa1.cpp(90): warning C4566: character represented by universal-character-name '\u043E' cannot be represented in the current code page (1252)
c:\users\inluckie\source\repos\rsa1\rsa1\rsa1.cpp(90): warning C4566: character represented by universal-character-name '\u044B' cannot be represented in the current code page (1252)
c:\users\inluckie\source\repos\rsa1\rsa1\rsa1.cpp(90): warning C4566: character represented by universal-character-name '\u043C' cannot be represented in the current code page (1252)
c:\users\inluckie\source\repos\rsa1\rsa1\rsa1.cpp(67): error C4996: 'scanf': This function or variable may be unsafe. Consider using scanf_s instead. To disable deprecation, use _CRT_SECURE_NO_WARNINGS. See online help for details.
  c:\program files (x86)\windows kits\10\include\10.0.17134.0\ucrt\stdio.h(1274): note: see declaration of 'scanf'
c:\users\inluckie\source\repos\rsa1\rsa1\rsa1.cpp(81): error C4996: 'scanf': This function or variable may be unsafe. Consider using scanf_s instead. To disable deprecation, use _CRT_SECURE_NO_WARNINGS. See online help for details.
  c:\program files (x86)\windows kits\10\include\10.0.17134.0\ucrt\stdio.h(1274): note: see declaration of 'scanf'
